<?xml version="1.0" encoding="UTF-8"?>
<robot generator="Robot 6.0.2 (Python 3.11.3 on win32)" generated="20230520 17:37:28.100" rpa="false" schemaversion="3">
<suite id="s1" name="SSP" source="D:\True_Work_Natty\2023_True_Work_Natty\Old_Automate_Natty\SSP\testcases\sanity\SSP.robot">
<test id="s1-t1" name="SSP_002 Search product by product name success" line="10">
<kw name="Open SSP website" library="main_page">
<arg>${language}</arg>
<kw name="Run Keyword If" library="BuiltIn">
<arg>'${language}'=='${th}'</arg>
<arg>SeleniumLibrary.Open Browser</arg>
<arg>${customer_host_th}</arg>
<arg>${browserName}</arg>
<arg>ELSE</arg>
<arg>SeleniumLibrary.Open Browser</arg>
<arg>${customer_host_en}</arg>
<arg>${browserName}</arg>
<doc>Runs the given keyword with the given arguments, if ``condition`` is true.</doc>
<kw name="Open Browser" library="SeleniumLibrary">
<arg>${customer_host_th}</arg>
<arg>${browserName}</arg>
<doc>Opens a new browser instance to the optional ``url``.</doc>
<msg timestamp="20230520 17:37:28.363" level="INFO">Opening browser 'chrome' to base url 'https://www.supersports.co.th/th'.</msg>
<status status="PASS" starttime="20230520 17:37:28.363" endtime="20230520 17:37:34.857"/>
</kw>
<status status="PASS" starttime="20230520 17:37:28.363" endtime="20230520 17:37:34.857"/>
</kw>
<kw name="Maximize Browser Window" library="SeleniumLibrary">
<doc>Maximizes current browser window.</doc>
<status status="PASS" starttime="20230520 17:37:34.858" endtime="20230520 17:37:34.984"/>
</kw>
<status status="PASS" starttime="20230520 17:37:28.363" endtime="20230520 17:37:34.984"/>
</kw>
<kw name="Click Search Bar on Header" library="search_result_page">
<kw name="Wait Until Element Is Visible" library="SeleniumLibrary">
<arg>${dictSearchResultPage}[txt_searchbar]</arg>
<doc>Waits until the element ``locator`` is visible.</doc>
<status status="PASS" starttime="20230520 17:37:34.986" endtime="20230520 17:37:35.030"/>
</kw>
<kw name="Click Element" library="SeleniumLibrary">
<arg>${dictSearchResultPage}[txt_searchbar]</arg>
<doc>Click the element identified by ``locator``.</doc>
<msg timestamp="20230520 17:37:35.030" level="INFO">Clicking element 'css=#txt-searchProductOnSearchBar'.</msg>
<status status="PASS" starttime="20230520 17:37:35.030" endtime="20230520 17:37:35.265"/>
</kw>
<status status="PASS" starttime="20230520 17:37:34.986" endtime="20230520 17:37:35.266"/>
</kw>
<kw name="Input Keyword into Search Bar" library="search_result_page">
<arg>${keyword}</arg>
<kw name="Input Text" library="SeleniumLibrary">
<arg>${dictSearchResultPage}[txt_searchbar]</arg>
<arg>${keyword}</arg>
<doc>Types the given ``text`` into the text field identified by ``locator``.</doc>
<msg timestamp="20230520 17:37:35.268" level="INFO">Typing text 'FILA BPCDVR23Q106U Unisex Backpack' into text field 'css=#txt-searchProductOnSearchBar'.</msg>
<status status="PASS" starttime="20230520 17:37:35.268" endtime="20230520 17:37:35.914"/>
</kw>
<status status="PASS" starttime="20230520 17:37:35.267" endtime="20230520 17:37:35.914"/>
</kw>
<kw name="Search Result Should Be Display Correctly" library="search_result_page">
<arg>${product_name}</arg>
<kw name="Element Should Contain" library="SeleniumLibrary">
<arg>${dictSearchResultPage}[lbl_product_name]</arg>
<arg>${product_name}</arg>
<doc>Verifies that element ``locator`` contains text ``expected``.</doc>
<msg timestamp="20230520 17:37:37.393" level="INFO">Element 'css=[data-testid="inf-viewProductDescription-ProductName"]' contains text 'FILA BPCDVR23Q106U กระเป๋าเป้ผู้ใหญ่'.</msg>
<status status="PASS" starttime="20230520 17:37:35.915" endtime="20230520 17:37:37.394"/>
</kw>
<status status="PASS" starttime="20230520 17:37:35.915" endtime="20230520 17:37:37.394"/>
</kw>
<kw name="Close All Browsers" library="SeleniumLibrary" type="TEARDOWN">
<doc>Closes all open browsers and resets the browser cache.</doc>
<status status="PASS" starttime="20230520 17:37:37.394" endtime="20230520 17:37:39.766"/>
</kw>
<doc>To verify that a user can search product by product name success</doc>
<tag>ssp</tag>
<status status="PASS" starttime="20230520 17:37:28.362" endtime="20230520 17:37:39.766"/>
</test>
<status status="PASS" starttime="20230520 17:37:28.104" endtime="20230520 17:37:39.768"/>
</suite>
<statistics>
<total>
<stat pass="1" fail="0" skip="0">All Tests</stat>
</total>
<tag>
<stat pass="1" fail="0" skip="0">ssp</stat>
</tag>
<suite>
<stat pass="1" fail="0" skip="0" id="s1" name="SSP">SSP</stat>
</suite>
</statistics>
<errors>
</errors>
</robot>
